[bwa_index] Pack FASTA... 0.01 sec
[bwa_index] Construct BWT for the packed sequence...
[bwa_index] 0.21 seconds elapse.
[bwa_index] Update BWT... 0.01 sec
[bwa_index] Pack forward-only FASTA... 0.00 sec
[bwa_index] Construct SA from BWT and Occ... 0.07 sec
[main] Version: 0.7.18-r1243-dirty
[main] CMD: bwa index -p /projects/raw_lab/projects/Bats/bat_gut_micro/titan_project/test/mapped_reads/final.contigs/FragGeneScan_raw-NBS1051F-sg/final.contigs /projects/raw_lab/projects/Bats/bat_gut_micro/titan_project/data/processed/titan_output/step_06-assemble/FragGeneScan_raw-NBS1051F-sg/assembly/final.contigs.fa
[main] Real time: 0.503 sec; CPU: 0.302 sec

/bin/sh: line 1: 1729161 Killed                  mamba run -n bwa bwa mem -t 15 /projects/raw_lab/projects/Bats/bat_gut_micro/titan_project/test/mapped_reads/final.contigs/FragGeneScan_raw-NBS1051F-sg/final.contigs /projects/raw_lab/projects/Bats/bat_gut_micro/titan_project/data/processed/titan_output/step_03-decon/FragGeneScan_raw-080613-8-pd-sg/decon_raw-080613-8-pd-sg_R1_001.fastq.gz /projects/raw_lab/projects/Bats/bat_gut_micro/titan_project/data/processed/titan_output/step_03-decon/FragGeneScan_raw-080613-8-pd-sg/decon_raw-080613-8-pd-sg_R2_001.fastq.gz > /projects/raw_lab/projects/Bats/bat_gut_micro/titan_project/test/mapped_reads/final.contigs/FragGeneScan_raw-NBS1051F-sg/decon_raw-080613-8-pd-sg.sam
Traceback (most recent call last):
  File "/projects/raw_lab/projects/Bats/bat_gut_micro/titan_project/bin/scripts/titan_binning2.py", line 214, in <module>
    main()
  File "/projects/raw_lab/projects/Bats/bat_gut_micro/titan_project/bin/scripts/titan_binning2.py", line 172, in main
    align_reads(args.fastq, assembly, assembly_output_dir)
  File "/projects/raw_lab/projects/Bats/bat_gut_micro/titan_project/bin/scripts/titan_binning2.py", line 61, in align_reads
    subprocess.run(bwa_cmd, shell=True, check=True)
  File "/apps/pkg/mambaforge/4.14/lib/python3.10/subprocess.py", line 524, in run
    raise CalledProcessError(retcode, process.args,
subprocess.CalledProcessError: Command 'mamba run -n bwa bwa mem -t 15 /projects/raw_lab/projects/Bats/bat_gut_micro/titan_project/test/mapped_reads/final.contigs/FragGeneScan_raw-NBS1051F-sg/final.contigs /projects/raw_lab/projects/Bats/bat_gut_micro/titan_project/data/processed/titan_output/step_03-decon/FragGeneScan_raw-080613-8-pd-sg/decon_raw-080613-8-pd-sg_R1_001.fastq.gz /projects/raw_lab/projects/Bats/bat_gut_micro/titan_project/data/processed/titan_output/step_03-decon/FragGeneScan_raw-080613-8-pd-sg/decon_raw-080613-8-pd-sg_R2_001.fastq.gz > /projects/raw_lab/projects/Bats/bat_gut_micro/titan_project/test/mapped_reads/final.contigs/FragGeneScan_raw-NBS1051F-sg/decon_raw-080613-8-pd-sg.sam' returned non-zero exit status 137.
slurmstepd: error: Detected 1 oom-kill event(s) in StepId=11242127.batch. Some of your processes may have been killed by the cgroup out-of-memory handler.
